<?xml version="1.0" encoding="UTF-8"?>
<!-- Generated by org.testng.reporters.JUnitReportReporter -->
<testsuite hostname="BLRTSGPW0613MT" failures="0" tests="1" name="com.inetBanking.testCases.TC_LoginPage_001" time="7.238" errors="0" timestamp="2023-11-12T19:25:21 IST" skipped="0">
  <testcase classname="com.inetBanking.testCases.TC_LoginPage_001" name="Test" time="7.238"/>
</testsuite> <!-- com.inetBanking.testCases.TC_LoginPage_001 -->
