<?xml version="1.0" encoding="UTF-8"?>
<!-- Generated by org.testng.reporters.JUnitReportReporter -->
<testsuite hostname="BLRTSGPW0613MT" failures="0" tests="1" name="com.inetBanking.testCases.TC_Addcustomer_003" time="13.363" errors="0" timestamp="2023-11-12T19:18:47 IST" skipped="0">
  <testcase classname="com.inetBanking.testCases.TC_Addcustomer_003" name="Test" time="13.363"/>
</testsuite> <!-- com.inetBanking.testCases.TC_Addcustomer_003 -->
