<?xml version="1.0" encoding="UTF-8"?>
<!-- Generated by org.testng.reporters.JUnitReportReporter -->
<testsuite hostname="Vinod" failures="0" tests="1" name="com.inetBanking.testCases.TC_LoginPage_001" time="1.923" errors="0" timestamp="2023-11-14T09:25:28 IST" skipped="0">
  <testcase classname="com.inetBanking.testCases.TC_LoginPage_001" name="Test" time="1.923"/>
</testsuite> <!-- com.inetBanking.testCases.TC_LoginPage_001 -->
